[debug] [2017-09-15T01:42:40.329Z] ----------------------------------------------------------------------
[debug] [2017-09-15T01:42:40.331Z] Command:       /usr/local/bin/node /usr/local/bin/firebase deploy
[debug] [2017-09-15T01:42:40.331Z] CLI Version:   3.10.1
[debug] [2017-09-15T01:42:40.332Z] Platform:      darwin
[debug] [2017-09-15T01:42:40.332Z] Node Version:  v6.11.3
[debug] [2017-09-15T01:42:40.332Z] Time:          Thu Sep 14 2017 21:42:40 GMT-0400 (EDT)
[debug] [2017-09-15T01:42:40.332Z] ----------------------------------------------------------------------
[debug] 
[debug] [2017-09-15T01:42:40.343Z] > command requires scopes: ["email","openid","https://www.googleapis.com/auth/cloudplatformprojects.readonly","https://www.googleapis.com/auth/firebase","https://www.googleapis.com/auth/cloud-platform"]
[debug] [2017-09-15T01:42:40.343Z] > authorizing via signed-in user
[debug] [2017-09-15T01:42:40.344Z] > refreshing access token with scopes: ["email","https://www.googleapis.com/auth/cloud-platform","https://www.googleapis.com/auth/cloudplatformprojects.readonly","https://www.googleapis.com/auth/firebase","openid"]
[debug] [2017-09-15T01:42:40.345Z] >>> HTTP REQUEST POST https://www.googleapis.com/oauth2/v3/token { refresh_token: '1/QKY3ZrzQdO0ajal6oPIWHGN5lyUE2pICgZJW5htiY_U',
  client_id: '563584335869-fgrhgmd47bqnekij5i8b5pr03ho849e6.apps.googleusercontent.com',
  client_secret: 'j9iVZfS8kkCEFUPaAeJV0sAi',
  grant_type: 'refresh_token',
  scope: 'email https://www.googleapis.com/auth/cloud-platform https://www.googleapis.com/auth/cloudplatformprojects.readonly https://www.googleapis.com/auth/firebase openid' } 
 Thu Sep 14 2017 21:42:40 GMT-0400 (EDT)
[debug] [2017-09-15T01:42:40.516Z] <<< HTTP RESPONSE 200
[debug] [2017-09-15T01:42:40.528Z] >>> HTTP REQUEST GET https://admin.firebase.com/v1/projects/ngfire-sigma-nu  
 Thu Sep 14 2017 21:42:40 GMT-0400 (EDT)
[debug] [2017-09-15T01:42:40.813Z] <<< HTTP RESPONSE 200
[debug] [2017-09-15T01:42:40.814Z] >>> HTTP REQUEST GET https://admin.firebase.com/v1/database/ngfire-sigma-nu/tokens  
 Thu Sep 14 2017 21:42:40 GMT-0400 (EDT)
[debug] [2017-09-15T01:42:41.121Z] <<< HTTP RESPONSE 200
[info] 
[info] === Deploying to 'ngfire-sigma-nu'...
[info] 
[info] i  deploying database, hosting
[info] ✔  database: rules ready to deploy.
[info] i  hosting: preparing dist directory for upload...
[debug] [2017-09-15T01:42:41.840Z] >>> HTTP REQUEST PUT https://deploy.firebase.com/v1/hosting/ngfire-sigma-nu/uploads/-Ku2BwS5ocGK9Sfy1FXI?fileCount=69&message=  
 Thu Sep 14 2017 21:42:41 GMT-0400 (EDT)
[debug] [2017-09-15T01:42:54.758Z] <<< HTTP RESPONSE 200
[debug] [2017-09-15T01:42:54.759Z] [hosting] .tgz uploaded successfully, waiting for extraction
